eeschema (2012-apr-16-27)-stable  >> Creation date: Tuesday 25 March 2014 02:20:29 PM IST

#Cmp ( order = Reference )
| C1         C           
| C2         C           
| D1         ZENER       
| D2         ZENER       
| IC1        ATTINY85-P  
| J1         USB         
| P1         CONN_4      
| P2         CONN_4      
| R1         R           
| R2         R           
| R3         R           
#End Cmp

#Cmp ( order = Value )
| ATTINY85-P   IC1       
| C            C1        
| C            C2        
| CONN_4       P1        
| CONN_4       P2        
| R            R1        
| R            R2        
| R            R3        
| USB          J1        
| ZENER        D1        
| ZENER        D2        
#End Cmp

#End List
